<?xml version="1.0" encoding="UTF-8"?>
<testng-results skipped="0" failed="0" total="1" passed="1">
  <reporter-output>
  </reporter-output>
  <suite name="selenium.maven.TestFacebook" duration-ms="11878" started-at="2016-11-04T19:14:03Z" finished-at="2016-11-04T19:14:15Z">
    <groups>
    </groups>
    <test name="Command line test" duration-ms="11878" started-at="2016-11-04T19:14:03Z" finished-at="2016-11-04T19:14:15Z">
      <class name="selenium.maven.TestFacebook">
        <test-method status="PASS" signature="setUp()[pri:0, instance:selenium.maven.TestFacebook@64616ca2]" name="setUp" is-config="true" duration-ms="5490" started-at="2016-11-04T12:14:03Z" finished-at="2016-11-04T12:14:09Z">
          <reporter-output>
          </reporter-output>
        </test-method> <!-- setUp -->
        <test-method status="PASS" signature="TestFacebookFireFox()[pri:0, instance:selenium.maven.TestFacebook@64616ca2]" name="TestFacebookFireFox" duration-ms="5147" started-at="2016-11-04T12:14:09Z" finished-at="2016-11-04T12:14:14Z">
          <reporter-output>
          </reporter-output>
        </test-method> <!-- TestFacebookFireFox -->
        <test-method status="PASS" signature="tearDown()[pri:0, instance:selenium.maven.TestFacebook@64616ca2]" name="tearDown" is-config="true" duration-ms="1214" started-at="2016-11-04T12:14:14Z" finished-at="2016-11-04T12:14:15Z">
          <reporter-output>
          </reporter-output>
        </test-method> <!-- tearDown -->
      </class> <!-- selenium.maven.TestFacebook -->
    </test> <!-- Command line test -->
  </suite> <!-- selenium.maven.TestFacebook -->
</testng-results>
