<?xml version="1.0" encoding="UTF-8"?>
<testng-results skipped="0" failed="0" total="1" passed="1">
  <reporter-output>
  </reporter-output>
  <suite name="selenium.maven.TestFacebook" duration-ms="10645" started-at="2016-11-04T21:28:18Z" finished-at="2016-11-04T21:28:28Z">
    <groups>
    </groups>
    <test name="Command line test" duration-ms="10645" started-at="2016-11-04T21:28:18Z" finished-at="2016-11-04T21:28:28Z">
      <class name="selenium.maven.TestFacebook">
        <test-method status="PASS" signature="setUp()[pri:0, instance:selenium.maven.TestFacebook@64616ca2]" name="setUp" is-config="true" duration-ms="4493" started-at="2016-11-04T14:28:18Z" finished-at="2016-11-04T14:28:22Z">
          <reporter-output>
          </reporter-output>
        </test-method> <!-- setUp -->
        <test-method status="PASS" signature="TestFacebookFireFox()[pri:0, instance:selenium.maven.TestFacebook@64616ca2]" name="TestFacebookFireFox" duration-ms="5117" started-at="2016-11-04T14:28:22Z" finished-at="2016-11-04T14:28:27Z">
          <reporter-output>
          </reporter-output>
        </test-method> <!-- TestFacebookFireFox -->
        <test-method status="PASS" signature="tearDown()[pri:0, instance:selenium.maven.TestFacebook@64616ca2]" name="tearDown" is-config="true" duration-ms="1022" started-at="2016-11-04T14:28:27Z" finished-at="2016-11-04T14:28:28Z">
          <reporter-output>
          </reporter-output>
        </test-method> <!-- tearDown -->
      </class> <!-- selenium.maven.TestFacebook -->
    </test> <!-- Command line test -->
  </suite> <!-- selenium.maven.TestFacebook -->
</testng-results>
