<?xml version="1.0" encoding="UTF-8"?>
<testng-results skipped="0" failed="0" total="1" passed="1">
  <reporter-output>
  </reporter-output>
  <suite name="Default suite" duration-ms="14075" started-at="2016-10-27T18:53:05Z" finished-at="2016-10-27T18:53:19Z">
    <groups>
    </groups>
    <test name="Default test" duration-ms="14075" started-at="2016-10-27T18:53:05Z" finished-at="2016-10-27T18:53:19Z">
      <class name="selenium.maven.TestFacebook">
        <test-method status="PASS" signature="setUp()[pri:0, instance:selenium.maven.TestFacebook@3532ec19]" name="setUp" is-config="true" duration-ms="6389" started-at="2016-10-27T11:53:05Z" finished-at="2016-10-27T11:53:11Z">
          <reporter-output>
          </reporter-output>
        </test-method> <!-- setUp -->
        <test-method status="PASS" signature="TestFacebookFireFox()[pri:0, instance:selenium.maven.TestFacebook@3532ec19]" name="TestFacebookFireFox" duration-ms="5685" started-at="2016-10-27T11:53:11Z" finished-at="2016-10-27T11:53:17Z">
          <reporter-output>
          </reporter-output>
        </test-method> <!-- TestFacebookFireFox -->
        <test-method status="PASS" signature="tearDown()[pri:0, instance:selenium.maven.TestFacebook@3532ec19]" name="tearDown" is-config="true" duration-ms="1902" started-at="2016-10-27T11:53:17Z" finished-at="2016-10-27T11:53:19Z">
          <reporter-output>
          </reporter-output>
        </test-method> <!-- tearDown -->
      </class> <!-- selenium.maven.TestFacebook -->
    </test> <!-- Default test -->
  </suite> <!-- Default suite -->
</testng-results>
